# JRE version: Java(TM) SE Runtime Environment (14.0.1+7) (build 14.0.1+7)
# Java VM: Java HotSpot(TM) 64-Bit Server VM (14.0.1+7, mixed mode, sharing, tiered, compressed oops, g1 gc, windows-amd64)
Heap:
 garbage-first heap   total 81920K, used 20731K [0x0000000604800000, 0x0000000800000000)
  region size 2048K, 5 young (10240K), 0 survivors (0K)
 Metaspace       used 20029K, capacity 20713K, committed 20992K, reserved 1067008K
  class space    used 2738K, capacity 3020K, committed 3072K, reserved 1048576K
GC Heap History (8 events):
Event: 1.155 GC heap before
{Heap before GC invocations=0 (full 0):
 garbage-first heap   total 520192K, used 24576K [0x0000000604800000, 0x0000000800000000)
  region size 2048K, 12 young (24576K), 0 survivors (0K)
 Metaspace       used 6693K, capacity 9068K, committed 9344K, reserved 1056768K
  class space    used 766K, capacity 1053K, committed 1152K, reserved 1048576K
}
Event: 1.159 GC heap after
{Heap after GC invocations=1 (full 0):
 garbage-first heap   total 520192K, used 3353K [0x0000000604800000, 0x0000000800000000)
  region size 2048K, 2 young (4096K), 2 survivors (4096K)
 Metaspace       used 6693K, capacity 9068K, committed 9344K, reserved 1056768K
  class space    used 766K, capacity 1053K, committed 1152K, reserved 1048576K
}
Event: 3.096 GC heap before
{Heap before GC invocations=1 (full 0):
 garbage-first heap   total 520192K, used 44313K [0x0000000604800000, 0x0000000800000000)
  region size 2048K, 21 young (43008K), 2 survivors (4096K)
 Metaspace       used 16131K, capacity 17351K, committed 17536K, reserved 1064960K
  class space    used 2346K, capacity 2648K, committed 2688K, reserved 1048576K
}
Event: 3.103 GC heap after
{Heap after GC invocations=2 (full 0):
 garbage-first heap   total 520192K, used 9123K [0x0000000604800000, 0x0000000800000000)
  region size 2048K, 2 young (4096K), 2 survivors (4096K)
 Metaspace       used 16131K, capacity 17351K, committed 17536K, reserved 1064960K
  class space    used 2346K, capacity 2648K, committed 2688K, reserved 1048576K
}
Event: 8.415 GC heap before
{Heap before GC invocations=2 (full 0):
 garbage-first heap   total 520192K, used 211875K [0x0000000604800000, 0x0000000800000000)
  region size 2048K, 102 young (208896K), 2 survivors (4096K)
 Metaspace       used 17741K, capacity 18404K, committed 18688K, reserved 1064960K
  class space    used 2504K, capacity 2745K, committed 2816K, reserved 1048576K
}
Event: 8.420 GC heap after
{Heap after GC invocations=3 (full 0):
 garbage-first heap   total 520192K, used 11910K [0x0000000604800000, 0x0000000800000000)
  region size 2048K, 4 young (8192K), 4 survivors (8192K)
 Metaspace       used 17741K, capacity 18404K, committed 18688K, reserved 1064960K
  class space    used 2504K, capacity 2745K, committed 2816K, reserved 1048576K
}
Event: 14.785 GC heap before
{Heap before GC invocations=3 (full 0):
 garbage-first heap   total 520192K, used 69254K [0x0000000604800000, 0x0000000800000000)
  region size 2048K, 34 young (69632K), 4 survivors (8192K)
 Metaspace       used 17859K, capacity 18538K, committed 18688K, reserved 1064960K
  class space    used 2516K, capacity 2811K, committed 2816K, reserved 1048576K
}
Event: 14.822 GC heap after
{Heap after GC invocations=4 (full 1):
 garbage-first heap   total 81920K, used 12539K [0x0000000604800000, 0x0000000800000000)
  region size 2048K, 0 young (0K), 0 survivors (0K)
 Metaspace       used 17859K, capacity 18538K, committed 18688K, reserved 1064960K
  class space    used 2516K, capacity 2811K, committed 2816K, reserved 1048576K
}

