# JRE version: Java(TM) SE Runtime Environment (14.0.1+7) (build 14.0.1+7)
# Java VM: Java HotSpot(TM) 64-Bit Server VM (14.0.1+7, mixed mode, sharing, tiered, compressed oops, g1 gc, windows-amd64)
Heap:
 garbage-first heap   total 81920K, used 12295K [0x0000000604800000, 0x0000000800000000)
  region size 2048K, 1 young (2048K), 0 survivors (0K)
 Metaspace       used 17675K, capacity 18349K, committed 18432K, reserved 1064960K
  class space    used 2501K, capacity 2768K, committed 2816K, reserved 1048576K
GC Heap History (6 events):
Event: 0.983 GC heap before
{Heap before GC invocations=0 (full 0):
 garbage-first heap   total 520192K, used 24576K [0x0000000604800000, 0x0000000800000000)
  region size 2048K, 12 young (24576K), 0 survivors (0K)
 Metaspace       used 6587K, capacity 8975K, committed 9088K, reserved 1056768K
  class space    used 753K, capacity 1043K, committed 1152K, reserved 1048576K
}
Event: 0.987 GC heap after
{Heap after GC invocations=1 (full 0):
 garbage-first heap   total 520192K, used 3151K [0x0000000604800000, 0x0000000800000000)
  region size 2048K, 2 young (4096K), 2 survivors (4096K)
 Metaspace       used 6587K, capacity 8975K, committed 9088K, reserved 1056768K
  class space    used 753K, capacity 1043K, committed 1152K, reserved 1048576K
}
Event: 2.050 GC heap before
{Heap before GC invocations=1 (full 0):
 garbage-first heap   total 520192K, used 44111K [0x0000000604800000, 0x0000000800000000)
  region size 2048K, 21 young (43008K), 2 survivors (4096K)
 Metaspace       used 15812K, capacity 17008K, committed 17280K, reserved 1064960K
  class space    used 2335K, capacity 2640K, committed 2688K, reserved 1048576K
}
Event: 2.067 GC heap after
{Heap after GC invocations=2 (full 0):
 garbage-first heap   total 520192K, used 9046K [0x0000000604800000, 0x0000000800000000)
  region size 2048K, 2 young (4096K), 2 survivors (4096K)
 Metaspace       used 15812K, capacity 17008K, committed 17280K, reserved 1064960K
  class space    used 2335K, capacity 2640K, committed 2688K, reserved 1048576K
}
Event: 11.395 GC heap before
{Heap before GC invocations=2 (full 0):
 garbage-first heap   total 520192K, used 86870K [0x0000000604800000, 0x0000000800000000)
  region size 2048K, 42 young (86016K), 2 survivors (4096K)
 Metaspace       used 17674K, capacity 18349K, committed 18432K, reserved 1064960K
  class space    used 2501K, capacity 2768K, committed 2816K, reserved 1048576K
}
Event: 11.419 GC heap after
{Heap after GC invocations=3 (full 1):
 garbage-first heap   total 81920K, used 12295K [0x0000000604800000, 0x0000000800000000)
  region size 2048K, 0 young (0K), 0 survivors (0K)
 Metaspace       used 17674K, capacity 18349K, committed 18432K, reserved 1064960K
  class space    used 2501K, capacity 2768K, committed 2816K, reserved 1048576K
}

