# JRE version: Java(TM) SE Runtime Environment (14.0.1+7) (build 14.0.1+7)
# Java VM: Java HotSpot(TM) 64-Bit Server VM (14.0.1+7, mixed mode, sharing, tiered, compressed oops, g1 gc, windows-amd64)
Heap:
 garbage-first heap   total 55296K, used 14569K [0x0000000604800000, 0x0000000800000000)
  region size 2048K, 1 young (2048K), 0 survivors (0K)
 Metaspace       used 22541K, capacity 23251K, committed 23296K, reserved 1069056K
  class space    used 3013K, capacity 3287K, committed 3328K, reserved 1048576K
GC Heap History (20 events):
Event: 27.854 GC heap before
{Heap before GC invocations=39 (full 2):
 garbage-first heap   total 55296K, used 38182K [0x0000000604800000, 0x0000000800000000)
  region size 2048K, 13 young (26624K), 1 survivors (2048K)
 Metaspace       used 22340K, capacity 23111K, committed 23296K, reserved 1069056K
  class space    used 3003K, capacity 3283K, committed 3328K, reserved 1048576K
}
Event: 27.856 GC heap after
{Heap after GC invocations=40 (full 2):
 garbage-first heap   total 55296K, used 15891K [0x0000000604800000, 0x0000000800000000)
  region size 2048K, 1 young (2048K), 1 survivors (2048K)
 Metaspace       used 22340K, capacity 23111K, committed 23296K, reserved 1069056K
  class space    used 3003K, capacity 3283K, committed 3328K, reserved 1048576K
}
Event: 28.233 GC heap before
{Heap before GC invocations=40 (full 2):
 garbage-first heap   total 55296K, used 38419K [0x0000000604800000, 0x0000000800000000)
  region size 2048K, 13 young (26624K), 1 survivors (2048K)
 Metaspace       used 22343K, capacity 23111K, committed 23296K, reserved 1069056K
  class space    used 3003K, capacity 3283K, committed 3328K, reserved 1048576K
}
Event: 28.235 GC heap after
{Heap after GC invocations=41 (full 2):
 garbage-first heap   total 55296K, used 15656K [0x0000000604800000, 0x0000000800000000)
  region size 2048K, 1 young (2048K), 1 survivors (2048K)
 Metaspace       used 22343K, capacity 23111K, committed 23296K, reserved 1069056K
  class space    used 3003K, capacity 3283K, committed 3328K, reserved 1048576K
}
Event: 28.606 GC heap before
{Heap before GC invocations=41 (full 2):
 garbage-first heap   total 55296K, used 38184K [0x0000000604800000, 0x0000000800000000)
  region size 2048K, 13 young (26624K), 1 survivors (2048K)
 Metaspace       used 22345K, capacity 23111K, committed 23296K, reserved 1069056K
  class space    used 3003K, capacity 3283K, committed 3328K, reserved 1048576K
}
Event: 28.608 GC heap after
{Heap after GC invocations=42 (full 2):
 garbage-first heap   total 55296K, used 15660K [0x0000000604800000, 0x0000000800000000)
  region size 2048K, 1 young (2048K), 1 survivors (2048K)
 Metaspace       used 22345K, capacity 23111K, committed 23296K, reserved 1069056K
  class space    used 3003K, capacity 3283K, committed 3328K, reserved 1048576K
}
Event: 28.937 GC heap before
{Heap before GC invocations=42 (full 2):
 garbage-first heap   total 55296K, used 38188K [0x0000000604800000, 0x0000000800000000)
  region size 2048K, 13 young (26624K), 1 survivors (2048K)
 Metaspace       used 22354K, capacity 23111K, committed 23296K, reserved 1069056K
  class space    used 3003K, capacity 3283K, committed 3328K, reserved 1048576K
}
Event: 28.939 GC heap after
{Heap after GC invocations=43 (full 2):
 garbage-first heap   total 55296K, used 15663K [0x0000000604800000, 0x0000000800000000)
  region size 2048K, 1 young (2048K), 1 survivors (2048K)
 Metaspace       used 22354K, capacity 23111K, committed 23296K, reserved 1069056K
  class space    used 3003K, capacity 3283K, committed 3328K, reserved 1048576K
}
Event: 29.783 GC heap before
{Heap before GC invocations=43 (full 2):
 garbage-first heap   total 55296K, used 38191K [0x0000000604800000, 0x0000000800000000)
  region size 2048K, 13 young (26624K), 1 survivors (2048K)
 Metaspace       used 22490K, capacity 23248K, committed 23296K, reserved 1069056K
  class space    used 3012K, capacity 3286K, committed 3328K, reserved 1048576K
}
Event: 29.785 GC heap after
{Heap after GC invocations=44 (full 2):
 garbage-first heap   total 55296K, used 17349K [0x0000000604800000, 0x0000000800000000)
  region size 2048K, 2 young (4096K), 2 survivors (4096K)
 Metaspace       used 22490K, capacity 23248K, committed 23296K, reserved 1069056K
  class space    used 3012K, capacity 3286K, committed 3328K, reserved 1048576K
}
Event: 30.057 GC heap before
{Heap before GC invocations=44 (full 2):
 garbage-first heap   total 55296K, used 33733K [0x0000000604800000, 0x0000000800000000)
  region size 2048K, 11 young (22528K), 2 survivors (4096K)
 Metaspace       used 22535K, capacity 23248K, committed 23296K, reserved 1069056K
  class space    used 3012K, capacity 3286K, committed 3328K, reserved 1048576K
}
Event: 30.059 GC heap after
{Heap after GC invocations=45 (full 2):
 garbage-first heap   total 55296K, used 17264K [0x0000000604800000, 0x0000000800000000)
  region size 2048K, 1 young (2048K), 1 survivors (2048K)
 Metaspace       used 22535K, capacity 23248K, committed 23296K, reserved 1069056K
  class space    used 3012K, capacity 3286K, committed 3328K, reserved 1048576K
}
Event: 30.322 GC heap before
{Heap before GC invocations=45 (full 2):
 garbage-first heap   total 55296K, used 35696K [0x0000000604800000, 0x0000000800000000)
  region size 2048K, 11 young (22528K), 1 survivors (2048K)
 Metaspace       used 22536K, capacity 23248K, committed 23296K, reserved 1069056K
  class space    used 3012K, capacity 3286K, committed 3328K, reserved 1048576K
}
Event: 30.323 GC heap after
{Heap after GC invocations=46 (full 2):
 garbage-first heap   total 55296K, used 17271K [0x0000000604800000, 0x0000000800000000)
  region size 2048K, 1 young (2048K), 1 survivors (2048K)
 Metaspace       used 22536K, capacity 23248K, committed 23296K, reserved 1069056K
  class space    used 3012K, capacity 3286K, committed 3328K, reserved 1048576K
}
Event: 30.594 GC heap before
{Heap before GC invocations=46 (full 2):
 garbage-first heap   total 55296K, used 37751K [0x0000000604800000, 0x0000000800000000)
  region size 2048K, 12 young (24576K), 1 survivors (2048K)
 Metaspace       used 22536K, capacity 23248K, committed 23296K, reserved 1069056K
  class space    used 3012K, capacity 3286K, committed 3328K, reserved 1048576K
}
Event: 30.596 GC heap after
{Heap after GC invocations=47 (full 2):
 garbage-first heap   total 55296K, used 17541K [0x0000000604800000, 0x0000000800000000)
  region size 2048K, 1 young (2048K), 1 survivors (2048K)
 Metaspace       used 22536K, capacity 23248K, committed 23296K, reserved 1069056K
  class space    used 3012K, capacity 3286K, committed 3328K, reserved 1048576K
}
Event: 35.706 GC heap before
{Heap before GC invocations=47 (full 2):
 garbage-first heap   total 55296K, used 38021K [0x0000000604800000, 0x0000000800000000)
  region size 2048K, 12 young (24576K), 1 survivors (2048K)
 Metaspace       used 22540K, capacity 23251K, committed 23296K, reserved 1069056K
  class space    used 3013K, capacity 3287K, committed 3328K, reserved 1048576K
}
Event: 35.707 GC heap after
{Heap after GC invocations=48 (full 2):
 garbage-first heap   total 55296K, used 19024K [0x0000000604800000, 0x0000000800000000)
  region size 2048K, 2 young (4096K), 2 survivors (4096K)
 Metaspace       used 22540K, capacity 23251K, committed 23296K, reserved 1069056K
  class space    used 3013K, capacity 3287K, committed 3328K, reserved 1048576K
}
Event: 37.256 GC heap before
{Heap before GC invocations=48 (full 2):
 garbage-first heap   total 55296K, used 23120K [0x0000000604800000, 0x0000000800000000)
  region size 2048K, 5 young (10240K), 2 survivors (4096K)
 Metaspace       used 22541K, capacity 23251K, committed 23296K, reserved 1069056K
  class space    used 3013K, capacity 3287K, committed 3328K, reserved 1048576K
}
Event: 37.279 GC heap after
{Heap after GC invocations=49 (full 3):
 garbage-first heap   total 55296K, used 14569K [0x0000000604800000, 0x0000000800000000)
  region size 2048K, 0 young (0K), 0 survivors (0K)
 Metaspace       used 22541K, capacity 23251K, committed 23296K, reserved 1069056K
  class space    used 3013K, capacity 3287K, committed 3328K, reserved 1048576K
}

