# JRE version: Java(TM) SE Runtime Environment (14.0.1+7) (build 14.0.1+7)
# Java VM: Java HotSpot(TM) 64-Bit Server VM (14.0.1+7, mixed mode, sharing, tiered, compressed oops, g1 gc, windows-amd64)
Heap:
 garbage-first heap   total 90112K, used 12259K [0x0000000604800000, 0x0000000800000000)
  region size 2048K, 1 young (2048K), 0 survivors (0K)
 Metaspace       used 17698K, capacity 18414K, committed 18688K, reserved 1064960K
  class space    used 2499K, capacity 2768K, committed 2816K, reserved 1048576K
GC Heap History (6 events):
Event: 1.095 GC heap before
{Heap before GC invocations=0 (full 0):
 garbage-first heap   total 520192K, used 24576K [0x0000000604800000, 0x0000000800000000)
  region size 2048K, 12 young (24576K), 0 survivors (0K)
 Metaspace       used 6706K, capacity 9071K, committed 9344K, reserved 1056768K
  class space    used 766K, capacity 1054K, committed 1152K, reserved 1048576K
}
Event: 1.100 GC heap after
{Heap after GC invocations=1 (full 0):
 garbage-first heap   total 520192K, used 3285K [0x0000000604800000, 0x0000000800000000)
  region size 2048K, 2 young (4096K), 2 survivors (4096K)
 Metaspace       used 6706K, capacity 9071K, committed 9344K, reserved 1056768K
  class space    used 766K, capacity 1054K, committed 1152K, reserved 1048576K
}
Event: 4.035 GC heap before
{Heap before GC invocations=1 (full 0):
 garbage-first heap   total 520192K, used 44245K [0x0000000604800000, 0x0000000800000000)
  region size 2048K, 21 young (43008K), 2 survivors (4096K)
 Metaspace       used 16485K, capacity 17411K, committed 17536K, reserved 1064960K
  class space    used 2383K, capacity 2647K, committed 2688K, reserved 1048576K
}
Event: 4.042 GC heap after
{Heap after GC invocations=2 (full 0):
 garbage-first heap   total 520192K, used 9296K [0x0000000604800000, 0x0000000800000000)
  region size 2048K, 2 young (4096K), 2 survivors (4096K)
 Metaspace       used 16485K, capacity 17411K, committed 17536K, reserved 1064960K
  class space    used 2383K, capacity 2647K, committed 2688K, reserved 1048576K
}
Event: 12.918 GC heap before
{Heap before GC invocations=2 (full 0):
 garbage-first heap   total 520192K, used 152656K [0x0000000604800000, 0x0000000800000000)
  region size 2048K, 74 young (151552K), 2 survivors (4096K)
 Metaspace       used 17698K, capacity 18414K, committed 18688K, reserved 1064960K
  class space    used 2499K, capacity 2768K, committed 2816K, reserved 1048576K
}
Event: 12.947 GC heap after
{Heap after GC invocations=3 (full 1):
 garbage-first heap   total 90112K, used 12259K [0x0000000604800000, 0x0000000800000000)
  region size 2048K, 0 young (0K), 0 survivors (0K)
 Metaspace       used 17698K, capacity 18414K, committed 18688K, reserved 1064960K
  class space    used 2499K, capacity 2768K, committed 2816K, reserved 1048576K
}

