# JRE version: Java(TM) SE Runtime Environment (14.0.1+7) (build 14.0.1+7)
# Java VM: Java HotSpot(TM) 64-Bit Server VM (14.0.1+7, mixed mode, sharing, tiered, compressed oops, g1 gc, windows-amd64)
Heap:
 garbage-first heap   total 49152K, used 25730K [0x0000000604800000, 0x0000000800000000)
  region size 2048K, 11 young (22528K), 3 survivors (6144K)
 Metaspace       used 23470K, capacity 24257K, committed 24576K, reserved 1071104K
  class space    used 3219K, capacity 3505K, committed 3584K, reserved 1048576K
GC Heap History (6 events):
Event: 1.225 GC heap before
{Heap before GC invocations=0 (full 0):
 garbage-first heap   total 520192K, used 22528K [0x0000000604800000, 0x0000000800000000)
  region size 2048K, 12 young (24576K), 0 survivors (0K)
 Metaspace       used 7859K, capacity 8211K, committed 8448K, reserved 1056768K
  class space    used 858K, capacity 978K, committed 1024K, reserved 1048576K
}
Event: 1.229 GC heap after
{Heap after GC invocations=1 (full 0):
 garbage-first heap   total 520192K, used 4725K [0x0000000604800000, 0x0000000800000000)
  region size 2048K, 2 young (4096K), 2 survivors (4096K)
 Metaspace       used 7859K, capacity 8211K, committed 8448K, reserved 1056768K
  class space    used 858K, capacity 978K, committed 1024K, reserved 1048576K
}
Event: 4.841 GC heap before
{Heap before GC invocations=1 (full 0):
 garbage-first heap   total 520192K, used 35445K [0x0000000604800000, 0x0000000800000000)
  region size 2048K, 18 young (36864K), 2 survivors (4096K)
 Metaspace       used 18457K, capacity 18910K, committed 19200K, reserved 1067008K
  class space    used 2328K, capacity 2498K, committed 2560K, reserved 1048576K
}
Event: 4.857 GC heap after
{Heap after GC invocations=2 (full 0):
 garbage-first heap   total 520192K, used 8873K [0x0000000604800000, 0x0000000800000000)
  region size 2048K, 3 young (6144K), 3 survivors (6144K)
 Metaspace       used 18457K, capacity 18910K, committed 19200K, reserved 1067008K
  class space    used 2328K, capacity 2498K, committed 2560K, reserved 1048576K
}
Event: 5.336 GC heap before
{Heap before GC invocations=2 (full 0):
 garbage-first heap   total 520192K, used 17065K [0x0000000604800000, 0x0000000800000000)
  region size 2048K, 8 young (16384K), 3 survivors (6144K)
 Metaspace       used 20537K, capacity 21124K, committed 21248K, reserved 1067008K
  class space    used 2761K, capacity 2988K, committed 3072K, reserved 1048576K
}
Event: 5.342 GC heap after
{Heap after GC invocations=3 (full 0):
 garbage-first heap   total 520192K, used 9346K [0x0000000604800000, 0x0000000800000000)
  region size 2048K, 3 young (6144K), 3 survivors (6144K)
 Metaspace       used 20537K, capacity 21124K, committed 21248K, reserved 1067008K
  class space    used 2761K, capacity 2988K, committed 3072K, reserved 1048576K
}

